<?xml version="1.0" encoding="UTF-8"?>
<!-- Generated by org.testng.reporters.JUnitReportReporter -->
<testsuite hostname="DESKTOP-Q69DOOS" failures="0" tests="3" name="com.example.tests.AmazonTest" time="46.592" errors="0" timestamp="2025-10-16T15:38:12 IST" skipped="0">
  <testcase classname="com.example.tests.AmazonTest" name="testAmazonSearch" time="14.354"/>
  <testcase classname="com.example.tests.AmazonTest" name="testAmazonSearch" time="15.470"/>
  <testcase classname="com.example.tests.AmazonTest" name="testAmazonSearch" time="16.768"/>
</testsuite> <!-- com.example.tests.AmazonTest -->
