<?xml version="1.0" encoding="UTF-8"?>
<!-- Generated by org.testng.reporters.JUnitReportReporter -->
<testsuite hostname="DESKTOP-Q69DOOS" failures="0" tests="3" name="com.example.tests.GridTest" time="10.134" errors="0" timestamp="2025-10-16T13:57:17 IST" skipped="0">
  <testcase classname="com.example.tests.GridTest" name="openExampleDotCom" time="3.706"/>
  <testcase classname="com.example.tests.GridTest" name="openExampleDotCom" time="3.885"/>
  <testcase classname="com.example.tests.GridTest" name="openExampleDotCom" time="2.543"/>
</testsuite> <!-- com.example.tests.GridTest -->
